c:\users\eg\source\repos\practicaestructuras\practicaestructuras\debug\practicaestructuras.pch
c:\users\eg\source\repos\practicaestructuras\practicaestructuras\debug\vc141.pdb
c:\users\eg\source\repos\practicaestructuras\practicaestructuras\debug\vc141.idb
c:\users\eg\source\repos\practicaestructuras\practicaestructuras\debug\pch.obj
c:\users\eg\source\repos\practicaestructuras\practicaestructuras\debug\prueba.obj
c:\users\eg\source\repos\practicaestructuras\practicaestructuras\debug\practicaestructuras.obj
c:\users\eg\source\repos\practicaestructuras\practicaestructuras\debug\pila2.obj
c:\users\eg\source\repos\practicaestructuras\practicaestructuras\debug\pila1.obj
c:\users\eg\source\repos\practicaestructuras\practicaestructuras\debug\nodos.obj
c:\users\eg\source\repos\practicaestructuras\practicaestructuras\debug\nodopila2.obj
c:\users\eg\source\repos\practicaestructuras\practicaestructuras\debug\nodocompra.obj
c:\users\eg\source\repos\practicaestructuras\practicaestructuras\debug\nodocirular.obj
c:\users\eg\source\repos\practicaestructuras\practicaestructuras\debug\nodocolapagar.obj
c:\users\eg\source\repos\practicaestructuras\practicaestructuras\debug\nodocolacarreta.obj
c:\users\eg\source\repos\practicaestructuras\practicaestructuras\debug\nodocajas.obj
c:\users\eg\source\repos\practicaestructuras\practicaestructuras\debug\menu.obj
c:\users\eg\source\repos\practicaestructuras\practicaestructuras\debug\listadoblecicularcompras.obj
c:\users\eg\source\repos\practicaestructuras\practicaestructuras\debug\listadoblecajas.obj
c:\users\eg\source\repos\practicaestructuras\practicaestructuras\debug\colapagar.obj
c:\users\eg\source\repos\practicaestructuras\practicaestructuras\debug\colacarreta.obj
c:\users\eg\source\repos\practicaestructuras\debug\practicaestructuras.exe
c:\users\eg\source\repos\practicaestructuras\debug\practicaestructuras.ilk
c:\users\eg\source\repos\practicaestructuras\debug\practicaestructuras.pdb
c:\users\eg\source\repos\practicaestructuras\practicaestructuras\debug\practica.0bd1b882.tlog\cl.command.1.tlog
c:\users\eg\source\repos\practicaestructuras\practicaestructuras\debug\practica.0bd1b882.tlog\cl.read.1.tlog
c:\users\eg\source\repos\practicaestructuras\practicaestructuras\debug\practica.0bd1b882.tlog\cl.write.1.tlog
c:\users\eg\source\repos\practicaestructuras\practicaestructuras\debug\practica.0bd1b882.tlog\link.command.1.tlog
c:\users\eg\source\repos\practicaestructuras\practicaestructuras\debug\practica.0bd1b882.tlog\link.read.1.tlog
c:\users\eg\source\repos\practicaestructuras\practicaestructuras\debug\practica.0bd1b882.tlog\link.write.1.tlog
